#
# There is insufficient memory for the Java Runtime Environment to continue.
# Native memory allocation (malloc) failed to allocate 726976 bytes. Error detail: Chunk::new
# Possible reasons:
#   The system is out of physical RAM or swap space
#   This process is running with CompressedOops enabled, and the Java Heap may be blocking the growth of the native heap
# Possible solutions:
#   Reduce memory load on the system
#   Increase physical memory or swap space
#   Check if swap backing store is full
#   Decrease Java heap size (-Xmx/-Xms)
#   Decrease number of Java threads
#   Decrease Java thread stack sizes (-Xss)
#   Set larger code cache with -XX:ReservedCodeCacheSize=
#   JVM is running with Unscaled Compressed Oops mode in which the Java heap is
#     placed in the first 4GB address space. The Java Heap base address is the
#     maximum limit for the native heap growth. Please use -XX:HeapBaseMinAddress
#     to set the Java Heap base and to place the Java Heap above 4GB virtual address.
# This output file may be truncated or incomplete.
#
#  Out of Memory Error (arena.cpp:191), pid=16372, tid=1232
#
# JRE version: OpenJDK Runtime Environment Microsoft-9388408 (17.0.11+9) (build 17.0.11+9-LTS)
# Java VM: OpenJDK 64-Bit Server VM Microsoft-9388408 (17.0.11+9-LTS, mixed mode, sharing, tiered, compressed oops, compressed class ptrs, g1 gc, windows-amd64)
# No core dump will be written. Minidumps are not enabled by default on client versions of Windows
#

---------------  S U M M A R Y ------------

Command Line: -XX:MaxMetaspaceSize=512m --add-opens=java.base/java.util=ALL-UNNAMED --add-opens=java.base/java.lang=ALL-UNNAMED --add-opens=java.base/java.lang.invoke=ALL-UNNAMED --add-opens=java.prefs/java.util.prefs=ALL-UNNAMED --add-opens=java.base/java.nio.charset=ALL-UNNAMED --add-opens=java.base/java.net=ALL-UNNAMED --add-opens=java.base/java.util.concurrent.atomic=ALL-UNNAMED -Xmx2048m -Dfile.encoding=UTF-8 -Duser.country=BR -Duser.language=pt -Duser.variant -javaagent:C:\Users\fcone\.gradle\wrapper\dists\gradle-8.6-all\3mbtmo166bl6vumsh5k2lkq5h\gradle-8.6\lib\agents\gradle-instrumentation-agent-8.6.jar org.gradle.launcher.daemon.bootstrap.GradleDaemon 8.6

Host: Intel(R) Core(TM) i3-7020U CPU @ 2.30GHz, 4 cores, 15G,  Windows 10 , 64 bit Build 19041 (10.0.19041.4957)
Time: Thu Nov  7 11:36:24 2024 Hora oficial do Brasil elapsed time: 61.800119 seconds (0d 0h 1m 1s)

---------------  T H R E A D  ---------------

Current thread (0x000002287c137030):  JavaThread "C2 CompilerThread1" daemon [_thread_in_native, id=1232, stack(0x0000003bdb700000,0x0000003bdb800000)]


Current CompileTask:
C2:  61800 3658   !   4       java.net.URLClassLoader$1::run (81 bytes)

Stack: [0x0000003bdb700000,0x0000003bdb800000]
Native frames: (J=compiled Java code, j=interpreted, Vv=VM code, C=native code)
V  [jvm.dll+0x67f6d9]
V  [jvm.dll+0x83773a]
V  [jvm.dll+0x8391fe]
V  [jvm.dll+0x839863]
V  [jvm.dll+0x247fbf]
V  [jvm.dll+0xac544]
V  [jvm.dll+0xacb8c]
V  [jvm.dll+0x2af9ff]
V  [jvm.dll+0x586b27]
V  [jvm.dll+0x222f82]
V  [jvm.dll+0x21c20a]
V  [jvm.dll+0x219901]
V  [jvm.dll+0x1a5396]
V  [jvm.dll+0x2297cd]
V  [jvm.dll+0x22799c]
V  [jvm.dll+0x7ec8b7]
V  [jvm.dll+0x7e6cba]
V  [jvm.dll+0x67e5c5]
C  [ucrtbase.dll+0x21bb2]
C  [KERNEL32.DLL+0x17374]
C  [ntdll.dll+0x4cc91]


---------------  P R O C E S S  ---------------

Threads class SMR info:
_java_thread_list=0x000002287c52b720, length=33, elements={
0x000002283b3921d0, 0x0000022858fbbd70, 0x0000022858fbcbf0, 0x0000022858fcc700,
0x0000022858fce430, 0x0000022858fd1200, 0x0000022858fd1bc0, 0x0000022858fdde70,
0x0000022858fde920, 0x0000022858fdf320, 0x0000022858fa88a0, 0x00000228782c9b80,
0x0000022878873360, 0x0000022879867d30, 0x000002287998d790, 0x0000022879039600,
0x000002287a8ad030, 0x0000022878393fa0, 0x0000022878393580, 0x0000022878395e00,
0x0000022878396310, 0x0000022878393070, 0x0000022878396820, 0x00000228783944b0,
0x00000228783949c0, 0x0000022878394ed0, 0x00000228783953e0, 0x00000228783958f0,
0x0000022879ad5460, 0x0000022879ad81f0, 0x0000022879ada050, 0x0000022879ad5e80,
0x000002287c137030
}

Java Threads: ( => current thread )
  0x000002283b3921d0 JavaThread "main" [_thread_blocked, id=4732, stack(0x0000003bdba00000,0x0000003bdbb00000)]
  0x0000022858fbbd70 JavaThread "Reference Handler" daemon [_thread_blocked, id=17696, stack(0x0000003bdc100000,0x0000003bdc200000)]
  0x0000022858fbcbf0 JavaThread "Finalizer" daemon [_thread_blocked, id=11224, stack(0x0000003bdc200000,0x0000003bdc300000)]
  0x0000022858fcc700 JavaThread "Signal Dispatcher" daemon [_thread_blocked, id=19832, stack(0x0000003bdc300000,0x0000003bdc400000)]
  0x0000022858fce430 JavaThread "Attach Listener" daemon [_thread_blocked, id=11240, stack(0x0000003bdc400000,0x0000003bdc500000)]
  0x0000022858fd1200 JavaThread "Service Thread" daemon [_thread_blocked, id=12228, stack(0x0000003bdc500000,0x0000003bdc600000)]
  0x0000022858fd1bc0 JavaThread "Monitor Deflation Thread" daemon [_thread_blocked, id=10564, stack(0x0000003bdc600000,0x0000003bdc700000)]
  0x0000022858fdde70 JavaThread "C2 CompilerThread0" daemon [_thread_in_native, id=7284, stack(0x0000003bdc700000,0x0000003bdc800000)]
  0x0000022858fde920 JavaThread "C1 CompilerThread0" daemon [_thread_blocked, id=18648, stack(0x0000003bdc800000,0x0000003bdc900000)]
  0x0000022858fdf320 JavaThread "Sweeper thread" daemon [_thread_blocked, id=8484, stack(0x0000003bdc900000,0x0000003bdca00000)]
  0x0000022858fa88a0 JavaThread "Common-Cleaner" daemon [_thread_blocked, id=19116, stack(0x0000003bdca00000,0x0000003bdcb00000)]
  0x00000228782c9b80 JavaThread "Notification Thread" daemon [_thread_blocked, id=16956, stack(0x0000003bdcb00000,0x0000003bdcc00000)]
  0x0000022878873360 JavaThread "Daemon health stats" [_thread_blocked, id=1948, stack(0x0000003bdcd00000,0x0000003bdce00000)]
  0x0000022879867d30 JavaThread "Incoming local TCP Connector on port 54522" [_thread_in_native, id=15036, stack(0x0000003bdd100000,0x0000003bdd200000)]
  0x000002287998d790 JavaThread "Daemon periodic checks" [_thread_blocked, id=11164, stack(0x0000003bdd200000,0x0000003bdd300000)]
  0x0000022879039600 JavaThread "Daemon" [_thread_blocked, id=13936, stack(0x0000003bdd300000,0x0000003bdd400000)]
  0x000002287a8ad030 JavaThread "Handler for socket connection from /127.0.0.1:54522 to /127.0.0.1:54523" [_thread_in_native, id=17164, stack(0x0000003bdd400000,0x0000003bdd500000)]
  0x0000022878393fa0 JavaThread "Cancel handler" [_thread_blocked, id=17512, stack(0x0000003bdd500000,0x0000003bdd600000)]
  0x0000022878393580 JavaThread "Daemon worker" [_thread_in_native, id=1500, stack(0x0000003bdd600000,0x0000003bdd700000)]
  0x0000022878395e00 JavaThread "Asynchronous log dispatcher for DefaultDaemonConnection: socket connection from /127.0.0.1:54522 to /127.0.0.1:54523" [_thread_blocked, id=16564, stack(0x0000003bdd700000,0x0000003bdd800000)]
  0x0000022878396310 JavaThread "Stdin handler" [_thread_blocked, id=19932, stack(0x0000003bdd800000,0x0000003bdd900000)]
  0x0000022878393070 JavaThread "Daemon client event forwarder" [_thread_blocked, id=9672, stack(0x0000003bdd900000,0x0000003bdda00000)]
  0x0000022878396820 JavaThread "Cache worker for journal cache (C:\Users\fcone\.gradle\caches\journal-1)" [_thread_blocked, id=20468, stack(0x0000003bdda00000,0x0000003bddb00000)]
  0x00000228783944b0 JavaThread "File lock request listener" [_thread_in_native, id=8504, stack(0x0000003bddb00000,0x0000003bddc00000)]
  0x00000228783949c0 JavaThread "Cache worker for file hash cache (C:\Users\fcone\.gradle\caches\8.6\fileHashes)" [_thread_blocked, id=14412, stack(0x0000003bddc00000,0x0000003bddd00000)]
  0x0000022878394ed0 JavaThread "File watcher server" daemon [_thread_in_native, id=17148, stack(0x0000003bddd00000,0x0000003bdde00000)]
  0x00000228783953e0 JavaThread "File watcher consumer" daemon [_thread_blocked, id=11084, stack(0x0000003bdde00000,0x0000003bddf00000)]
  0x00000228783958f0 JavaThread "Cache worker for checksums cache (C:\Trilha\ReactNative\tasks\android\.gradle\8.6\checksums)" [_thread_blocked, id=15528, stack(0x0000003bddf00000,0x0000003bde000000)]
  0x0000022879ad5460 JavaThread "Cache worker for file hash cache (C:\Trilha\ReactNative\tasks\android\.gradle\8.6\fileHashes)" [_thread_blocked, id=9080, stack(0x0000003bde000000,0x0000003bde100000)]
  0x0000022879ad81f0 JavaThread "Cache worker for cache directory md-supplier (C:\Users\fcone\.gradle\caches\8.6\md-supplier)" [_thread_blocked, id=14096, stack(0x0000003bde100000,0x0000003bde200000)]
  0x0000022879ada050 JavaThread "Cache worker for cache directory md-rule (C:\Users\fcone\.gradle\caches\8.6\md-rule)" [_thread_blocked, id=17172, stack(0x0000003bde200000,0x0000003bde300000)]
  0x0000022879ad5e80 JavaThread "Cache worker for file content cache (C:\Users\fcone\.gradle\caches\8.6\fileContent)" [_thread_blocked, id=16928, stack(0x0000003bde300000,0x0000003bde400000)]
=>0x000002287c137030 JavaThread "C2 CompilerThread1" daemon [_thread_in_native, id=1232, stack(0x0000003bdb700000,0x0000003bdb800000)]

Other Threads:
  0x0000022858fb7150 VMThread "VM Thread" [stack: 0x0000003bdc000000,0x0000003bdc100000] [id=4176]
  0x00000228782f69c0 WatcherThread [stack: 0x0000003bdcc00000,0x0000003bdcd00000] [id=6096]
  0x000002283b3ef8e0 GCTaskThread "GC Thread#0" [stack: 0x0000003bdbb00000,0x0000003bdbc00000] [id=9420]
  0x000002287865ba90 GCTaskThread "GC Thread#1" [stack: 0x0000003bdce00000,0x0000003bdcf00000] [id=18356]
  0x00000228784d6ed0 GCTaskThread "GC Thread#2" [stack: 0x0000003bdcf00000,0x0000003bdd000000] [id=18056]
  0x0000022878610230 GCTaskThread "GC Thread#3" [stack: 0x0000003bdd000000,0x0000003bdd100000] [id=12916]
  0x000002283b400830 ConcurrentGCThread "G1 Main Marker" [stack: 0x0000003bdbc00000,0x0000003bdbd00000] [id=2604]
  0x000002283b401250 ConcurrentGCThread "G1 Conc#0" [stack: 0x0000003bdbd00000,0x0000003bdbe00000] [id=10932]
  0x000002283b44e5c0 ConcurrentGCThread "G1 Refine#0" [stack: 0x0000003bdbe00000,0x0000003bdbf00000] [id=18932]
  0x0000022858e722d0 ConcurrentGCThread "G1 Service" [stack: 0x0000003bdbf00000,0x0000003bdc000000] [id=16584]

Threads with active compile tasks:
C2 CompilerThread0    62742 3659   !   4       java.net.URLClassLoader::findClass (47 bytes)
C2 CompilerThread1    62743 3658   !   4       java.net.URLClassLoader$1::run (81 bytes)

VM state: not at safepoint (normal execution)

VM Mutex/Monitor currently owned by a thread: None

Heap address: 0x0000000080000000, size: 2048 MB, Compressed Oops mode: 32-bit

CDS archive(s) mapped at: [0x0000022859000000-0x0000022859bb0000-0x0000022859bb0000), size 12255232, SharedBaseAddress: 0x0000022859000000, ArchiveRelocationMode: 1.
Compressed class space mapped at: 0x000002285a000000-0x0000022874000000, reserved size: 436207616
Narrow klass base: 0x0000022859000000, Narrow klass shift: 0, Narrow klass range: 0x100000000

GC Precious Log:
 CPUs: 4 total, 4 available
 Memory: 16298M
 Large Page Support: Disabled
 NUMA Support: Disabled
 Compressed Oops: Enabled (32-bit)
 Heap Region Size: 1M
 Heap Min Capacity: 8M
 Heap Initial Capacity: 256M
 Heap Max Capacity: 2G
 Pre-touch: Disabled
 Parallel Workers: 4
 Concurrent Workers: 1
 Concurrent Refinement Workers: 4
 Periodic GC: Disabled

Heap:
 garbage-first heap   total 81920K, used 59352K [0x0000000080000000, 0x0000000100000000)
  region size 1024K, 38 young (38912K), 3 survivors (3072K)
 Metaspace       used 30816K, committed 31168K, reserved 491520K
  class space    used 4339K, committed 4544K, reserved 425984K

Heap Regions: E=young(eden), S=young(survivor), O=old, HS=humongous(starts), HC=humongous(continues), CS=collection set, F=free, OA=open archive, CA=closed archive, TAMS=top-at-mark-start (previous, next)
|   0|0x0000000080000000, 0x0000000080100000, 0x0000000080100000|100%| O|  |TAMS 0x0000000080100000, 0x0000000080000000| Untracked 
|   1|0x0000000080100000, 0x0000000080200000, 0x0000000080200000|100%| O|  |TAMS 0x0000000080200000, 0x0000000080100000| Untracked 
|   2|0x0000000080200000, 0x0000000080300000, 0x0000000080300000|100%|HS|  |TAMS 0x0000000080300000, 0x0000000080200000| Complete 
|   3|0x0000000080300000, 0x0000000080400000, 0x0000000080400000|100%|HC|  |TAMS 0x0000000080400000, 0x0000000080300000| Complete 
|   4|0x0000000080400000, 0x0000000080500000, 0x0000000080500000|100%|HC|  |TAMS 0x0000000080500000, 0x0000000080400000| Complete 
|   5|0x0000000080500000, 0x0000000080600000, 0x0000000080600000|100%|HC|  |TAMS 0x0000000080600000, 0x0000000080500000| Complete 
|   6|0x0000000080600000, 0x0000000080700000, 0x0000000080700000|100%| O|  |TAMS 0x0000000080700000, 0x0000000080600000| Untracked 
|   7|0x0000000080700000, 0x0000000080800000, 0x0000000080800000|100%| O|  |TAMS 0x0000000080800000, 0x0000000080700000| Untracked 
|   8|0x0000000080800000, 0x0000000080900000, 0x0000000080900000|100%| O|  |TAMS 0x0000000080900000, 0x0000000080800000| Untracked 
|   9|0x0000000080900000, 0x0000000080a00000, 0x0000000080a00000|100%| O|  |TAMS 0x0000000080a00000, 0x0000000080900000| Untracked 
|  10|0x0000000080a00000, 0x0000000080a98e00, 0x0000000080b00000| 59%| O|  |TAMS 0x0000000080a98e00, 0x0000000080a00000| Untracked 
|  11|0x0000000080b00000, 0x0000000080c00000, 0x0000000080c00000|100%| O|  |TAMS 0x0000000080b00000, 0x0000000080b00000| Untracked 
|  12|0x0000000080c00000, 0x0000000080d00000, 0x0000000080d00000|100%| O|  |TAMS 0x0000000080c00000, 0x0000000080c00000| Untracked 
|  13|0x0000000080d00000, 0x0000000080e00000, 0x0000000080e00000|100%| O|  |TAMS 0x0000000080d00000, 0x0000000080d00000| Untracked 
|  14|0x0000000080e00000, 0x0000000080f00000, 0x0000000080f00000|100%| O|  |TAMS 0x0000000080e00000, 0x0000000080e00000| Untracked 
|  15|0x0000000080f00000, 0x0000000081000000, 0x0000000081000000|100%| O|  |TAMS 0x0000000080f00000, 0x0000000080f00000| Untracked 
|  16|0x0000000081000000, 0x0000000081100000, 0x0000000081100000|100%| O|  |TAMS 0x0000000081000000, 0x0000000081000000| Untracked 
|  17|0x0000000081100000, 0x0000000081200000, 0x0000000081200000|100%| O|  |TAMS 0x0000000081100000, 0x0000000081100000| Untracked 
|  18|0x0000000081200000, 0x0000000081300000, 0x0000000081300000|100%| O|  |TAMS 0x0000000081200000, 0x0000000081200000| Untracked 
|  19|0x0000000081300000, 0x0000000081400000, 0x0000000081400000|100%| O|  |TAMS 0x0000000081300000, 0x0000000081300000| Untracked 
|  20|0x0000000081400000, 0x0000000081500000, 0x0000000081500000|100%| O|  |TAMS 0x0000000081400000, 0x0000000081400000| Untracked 
|  21|0x0000000081500000, 0x0000000081600000, 0x0000000081600000|100%| O|  |TAMS 0x0000000081500000, 0x0000000081500000| Untracked 
|  22|0x0000000081600000, 0x0000000081673a00, 0x0000000081700000| 45%| O|  |TAMS 0x0000000081600000, 0x0000000081600000| Untracked 
|  23|0x0000000081700000, 0x0000000081700000, 0x0000000081800000|  0%| F|  |TAMS 0x0000000081700000, 0x0000000081700000| Untracked 
|  24|0x0000000081800000, 0x0000000081800000, 0x0000000081900000|  0%| F|  |TAMS 0x0000000081800000, 0x0000000081800000| Untracked 
|  25|0x0000000081900000, 0x0000000081900000, 0x0000000081a00000|  0%| F|  |TAMS 0x0000000081900000, 0x0000000081900000| Untracked 
|  26|0x0000000081a00000, 0x0000000081a00000, 0x0000000081b00000|  0%| F|  |TAMS 0x0000000081a00000, 0x0000000081a00000| Untracked 
|  27|0x0000000081b00000, 0x0000000081b00000, 0x0000000081c00000|  0%| F|  |TAMS 0x0000000081b00000, 0x0000000081b00000| Untracked 
|  28|0x0000000081c00000, 0x0000000081c00000, 0x0000000081d00000|  0%| F|  |TAMS 0x0000000081c00000, 0x0000000081c00000| Untracked 
|  29|0x0000000081d00000, 0x0000000081de9ad8, 0x0000000081e00000| 91%| S|CS|TAMS 0x0000000081d00000, 0x0000000081d00000| Complete 
|  30|0x0000000081e00000, 0x0000000081f00000, 0x0000000081f00000|100%| S|CS|TAMS 0x0000000081e00000, 0x0000000081e00000| Complete 
|  31|0x0000000081f00000, 0x0000000082000000, 0x0000000082000000|100%| S|CS|TAMS 0x0000000081f00000, 0x0000000081f00000| Complete 
|  32|0x0000000082000000, 0x0000000082000000, 0x0000000082100000|  0%| F|  |TAMS 0x0000000082000000, 0x0000000082000000| Untracked 
|  33|0x0000000082100000, 0x0000000082100000, 0x0000000082200000|  0%| F|  |TAMS 0x0000000082100000, 0x0000000082100000| Untracked 
|  34|0x0000000082200000, 0x0000000082200000, 0x0000000082300000|  0%| F|  |TAMS 0x0000000082200000, 0x0000000082200000| Untracked 
|  35|0x0000000082300000, 0x0000000082300000, 0x0000000082400000|  0%| F|  |TAMS 0x0000000082300000, 0x0000000082300000| Untracked 
|  36|0x0000000082400000, 0x0000000082400000, 0x0000000082500000|  0%| F|  |TAMS 0x0000000082400000, 0x0000000082400000| Untracked 
|  37|0x0000000082500000, 0x0000000082500000, 0x0000000082600000|  0%| F|  |TAMS 0x0000000082500000, 0x0000000082500000| Untracked 
|  38|0x0000000082600000, 0x0000000082600000, 0x0000000082700000|  0%| F|  |TAMS 0x0000000082600000, 0x0000000082600000| Untracked 
|  39|0x0000000082700000, 0x0000000082700000, 0x0000000082800000|  0%| F|  |TAMS 0x0000000082700000, 0x0000000082700000| Untracked 
|  40|0x0000000082800000, 0x0000000082800000, 0x0000000082900000|  0%| F|  |TAMS 0x0000000082800000, 0x0000000082800000| Untracked 
|  41|0x0000000082900000, 0x0000000082900000, 0x0000000082a00000|  0%| F|  |TAMS 0x0000000082900000, 0x0000000082900000| Untracked 
|  42|0x0000000082a00000, 0x0000000082a00000, 0x0000000082b00000|  0%| F|  |TAMS 0x0000000082a00000, 0x0000000082a00000| Untracked 
|  43|0x0000000082b00000, 0x0000000082b00000, 0x0000000082c00000|  0%| F|  |TAMS 0x0000000082b00000, 0x0000000082b00000| Untracked 
|  44|0x0000000082c00000, 0x0000000082c00000, 0x0000000082d00000|  0%| F|  |TAMS 0x0000000082c00000, 0x0000000082c00000| Untracked 
|  45|0x0000000082d00000, 0x0000000082d6bbf8, 0x0000000082e00000| 42%| E|  |TAMS 0x0000000082d00000, 0x0000000082d00000| Complete 
|  46|0x0000000082e00000, 0x0000000082f00000, 0x0000000082f00000|100%| E|CS|TAMS 0x0000000082e00000, 0x0000000082e00000| Complete 
|  47|0x0000000082f00000, 0x0000000083000000, 0x0000000083000000|100%| E|CS|TAMS 0x0000000082f00000, 0x0000000082f00000| Complete 
|  48|0x0000000083000000, 0x0000000083100000, 0x0000000083100000|100%| E|CS|TAMS 0x0000000083000000, 0x0000000083000000| Complete 
|  49|0x0000000083100000, 0x0000000083200000, 0x0000000083200000|100%| E|CS|TAMS 0x0000000083100000, 0x0000000083100000| Complete 
|  50|0x0000000083200000, 0x0000000083300000, 0x0000000083300000|100%| E|CS|TAMS 0x0000000083200000, 0x0000000083200000| Complete 
|  51|0x0000000083300000, 0x0000000083400000, 0x0000000083400000|100%| E|CS|TAMS 0x0000000083300000, 0x0000000083300000| Complete 
|  52|0x0000000083400000, 0x0000000083500000, 0x0000000083500000|100%| E|CS|TAMS 0x0000000083400000, 0x0000000083400000| Complete 
|  53|0x0000000083500000, 0x0000000083600000, 0x0000000083600000|100%| E|CS|TAMS 0x0000000083500000, 0x0000000083500000| Complete 
|  54|0x0000000083600000, 0x0000000083700000, 0x0000000083700000|100%| E|CS|TAMS 0x0000000083600000, 0x0000000083600000| Complete 
|  55|0x0000000083700000, 0x0000000083800000, 0x0000000083800000|100%| E|CS|TAMS 0x0000000083700000, 0x0000000083700000| Complete 
|  56|0x0000000083800000, 0x0000000083900000, 0x0000000083900000|100%| E|CS|TAMS 0x0000000083800000, 0x0000000083800000| Complete 
|  57|0x0000000083900000, 0x0000000083a00000, 0x0000000083a00000|100%| E|CS|TAMS 0x0000000083900000, 0x0000000083900000| Complete 
|  58|0x0000000083a00000, 0x0000000083b00000, 0x0000000083b00000|100%| E|CS|TAMS 0x0000000083a00000, 0x0000000083a00000| Complete 
|  59|0x0000000083b00000, 0x0000000083c00000, 0x0000000083c00000|100%| E|CS|TAMS 0x0000000083b00000, 0x0000000083b00000| Complete 
|  60|0x0000000083c00000, 0x0000000083d00000, 0x0000000083d00000|100%| E|CS|TAMS 0x0000000083c00000, 0x0000000083c00000| Complete 
|  61|0x0000000083d00000, 0x0000000083e00000, 0x0000000083e00000|100%| E|CS|TAMS 0x0000000083d00000, 0x0000000083d00000| Complete 
|  62|0x0000000083e00000, 0x0000000083f00000, 0x0000000083f00000|100%| E|CS|TAMS 0x0000000083e00000, 0x0000000083e00000| Complete 
|  63|0x0000000083f00000, 0x0000000084000000, 0x0000000084000000|100%| E|CS|TAMS 0x0000000083f00000, 0x0000000083f00000| Complete 
|  64|0x0000000084000000, 0x0000000084100000, 0x0000000084100000|100%| E|CS|TAMS 0x0000000084000000, 0x0000000084000000| Complete 
|  65|0x0000000084100000, 0x0000000084200000, 0x0000000084200000|100%| E|CS|TAMS 0x0000000084100000, 0x0000000084100000| Complete 
|  66|0x0000000084200000, 0x0000000084300000, 0x0000000084300000|100%| E|CS|TAMS 0x0000000084200000, 0x0000000084200000| Complete 
| 127|0x0000000087f00000, 0x0000000088000000, 0x0000000088000000|100%| E|CS|TAMS 0x0000000087f00000, 0x0000000087f00000| Complete 
| 128|0x0000000088000000, 0x0000000088100000, 0x0000000088100000|100%| E|CS|TAMS 0x0000000088000000, 0x0000000088000000| Complete 
| 129|0x0000000088100000, 0x0000000088200000, 0x0000000088200000|100%| E|  |TAMS 0x0000000088100000, 0x0000000088100000| Complete 
| 130|0x0000000088200000, 0x0000000088300000, 0x0000000088300000|100%| E|CS|TAMS 0x0000000088200000, 0x0000000088200000| Complete 
| 131|0x0000000088300000, 0x0000000088400000, 0x0000000088400000|100%| E|CS|TAMS 0x0000000088300000, 0x0000000088300000| Complete 
| 132|0x0000000088400000, 0x0000000088500000, 0x0000000088500000|100%| E|CS|TAMS 0x0000000088400000, 0x0000000088400000| Complete 
| 133|0x0000000088500000, 0x0000000088600000, 0x0000000088600000|100%| E|CS|TAMS 0x0000000088500000, 0x0000000088500000| Complete 
| 134|0x0000000088600000, 0x0000000088700000, 0x0000000088700000|100%| E|CS|TAMS 0x0000000088600000, 0x0000000088600000| Complete 
| 135|0x0000000088700000, 0x0000000088800000, 0x0000000088800000|100%| E|CS|TAMS 0x0000000088700000, 0x0000000088700000| Complete 
| 136|0x0000000088800000, 0x0000000088900000, 0x0000000088900000|100%| E|CS|TAMS 0x0000000088800000, 0x0000000088800000| Complete 
| 137|0x0000000088900000, 0x0000000088a00000, 0x0000000088a00000|100%| E|CS|TAMS 0x0000000088900000, 0x0000000088900000| Complete 
| 138|0x0000000088a00000, 0x0000000088b00000, 0x0000000088b00000|100%| E|CS|TAMS 0x0000000088a00000, 0x0000000088a00000| Complete 
| 255|0x000000008ff00000, 0x0000000090000000, 0x0000000090000000|100%| E|CS|TAMS 0x000000008ff00000, 0x000000008ff00000| Complete 

Card table byte_map: [0x00000228522c0000,0x00000228526c0000] _byte_map_base: 0x0000022851ec0000

Marking Bits (Prev, Next): (CMBitMap*) 0x000002283b3eff40, (CMBitMap*) 0x000002283b3eff00
 Prev Bits: [0x0000022854ac0000, 0x0000022856ac0000)
 Next Bits: [0x0000022852ac0000, 0x0000022854ac0000)

Polling page: 0x0000022839320000

Metaspace:

Usage:
  Non-class:     25.86 MB used.
      Class:      4.24 MB used.
       Both:     30.09 MB used.

Virtual space:
  Non-class space:       64.00 MB reserved,      26.00 MB ( 41%) committed,  1 nodes.
      Class space:      416.00 MB reserved,       4.44 MB (  1%) committed,  1 nodes.
             Both:      480.00 MB reserved,      30.44 MB (  6%) committed. 

Chunk freelists:
   Non-Class:  5.63 MB
       Class:  11.55 MB
        Both:  17.17 MB

MaxMetaspaceSize: 512.00 MB
CompressedClassSpaceSize: 416.00 MB
Initial GC threshold: 21.00 MB
Current GC threshold: 35.12 MB
CDS: on
MetaspaceReclaimPolicy: balanced
 - commit_granule_bytes: 65536.
 - commit_granule_words: 8192.
 - virtual_space_node_default_size: 8388608.
 - enlarge_chunks_in_place: 1.
 - new_chunks_are_fully_committed: 0.
 - uncommit_free_chunks: 1.
 - use_allocation_guard: 0.
 - handle_deallocations: 1.


Internal statistics:

num_allocs_failed_limit: 3.
num_arena_births: 300.
num_arena_deaths: 0.
num_vsnodes_births: 2.
num_vsnodes_deaths: 0.
num_space_committed: 487.
num_space_uncommitted: 0.
num_chunks_returned_to_freelist: 3.
num_chunks_taken_from_freelist: 1379.
num_chunk_merges: 3.
num_chunk_splits: 924.
num_chunks_enlarged: 665.
num_inconsistent_stats: 0.

CodeHeap 'non-profiled nmethods': size=120000Kb used=2123Kb max_used=2123Kb free=117877Kb
 bounds [0x000002284a990000, 0x000002284ac00000, 0x0000022851ec0000]
CodeHeap 'profiled nmethods': size=120000Kb used=7540Kb max_used=7540Kb free=112459Kb
 bounds [0x0000022842ec0000, 0x0000022843620000, 0x000002284a3f0000]
CodeHeap 'non-nmethods': size=5760Kb used=1591Kb max_used=1642Kb free=4168Kb
 bounds [0x000002284a3f0000, 0x000002284a660000, 0x000002284a990000]
 total_blobs=4325 nmethods=3670 adapters=566
 compilation: enabled
              stopped_count=0, restarted_count=0
 full_count=0

Compilation events (20 events):
Event: 61.028 Thread 0x0000022858fdde70 nmethod 3615 0x000002284ab97710 code [0x000002284ab97880, 0x000002284ab97918]
Event: 61.159 Thread 0x000002287c137030 nmethod 3611 0x000002284ab97a10 code [0x000002284ab97e40, 0x000002284ab9da80]
Event: 61.173 Thread 0x0000022858fde920 3652       3       java.util.HashMap$ValueSpliterator::characteristics (28 bytes)
Event: 61.174 Thread 0x0000022858fde920 nmethod 3652 0x0000022843610990 code [0x0000022843610b40, 0x0000022843610d18]
Event: 61.174 Thread 0x0000022858fde920 3653       3       org.gradle.internal.time.MonotonicClock::getCurrentTime (70 bytes)
Event: 61.174 Thread 0x0000022858fde920 nmethod 3653 0x0000022843610e10 code [0x0000022843611000, 0x00000228436113b8]
Event: 61.174 Thread 0x0000022858fde920 3654       3       org.gradle.internal.time.MonotonicClock::syncIsDue (28 bytes)
Event: 61.174 Thread 0x0000022858fde920 nmethod 3654 0x0000022843611610 code [0x00000228436117c0, 0x00000228436119a8]
Event: 61.174 Thread 0x0000022858fde920 3655       3       org.gradle.internal.time.MonotonicClock::advance (33 bytes)
Event: 61.174 Thread 0x0000022858fde920 nmethod 3655 0x0000022843611a90 code [0x0000022843611c40, 0x0000022843611ee8]
Event: 61.352 Thread 0x000002287c137030 3657  s    4       jdk.internal.loader.Resource::cachedInputStream (20 bytes)
Event: 61.352 Thread 0x0000022858fde920 3656   !   3       jdk.internal.loader.Resource::getBytes (244 bytes)
Event: 61.354 Thread 0x0000022858fde920 nmethod 3656 0x0000022843612010 code [0x0000022843612300, 0x0000022843613768]
Event: 61.361 Thread 0x000002287c137030 nmethod 3657 0x000002284aba1d90 code [0x000002284aba1f40, 0x000002284aba2658]
Event: 61.455 Thread 0x000002287c137030 3658   !   4       java.net.URLClassLoader$1::run (81 bytes)
Event: 61.457 Thread 0x0000022858fdde70 3659   !   4       java.net.URLClassLoader::findClass (47 bytes)
Event: 61.567 Thread 0x0000022858fde920 3660       3       jdk.internal.loader.URLClassPath$JarLoader$2::getManifest (26 bytes)
Event: 61.568 Thread 0x0000022858fde920 nmethod 3660 0x0000022843614010 code [0x0000022843614220, 0x00000228436148a8]
Event: 61.568 Thread 0x0000022858fde920 3661       3       java.util.jar.JavaUtilJarAccessImpl::ensureInitialization (5 bytes)
Event: 61.569 Thread 0x0000022858fde920 nmethod 3661 0x0000022843614c10 code [0x0000022843614dc0, 0x0000022843614f88]

GC Heap History (10 events):
Event: 1.001 GC heap before
{Heap before GC invocations=0 (full 0):
 garbage-first heap   total 262144K, used 12288K [0x0000000080000000, 0x0000000100000000)
  region size 1024K, 13 young (13312K), 0 survivors (0K)
 Metaspace       used 1001K, committed 1152K, reserved 491520K
  class space    used 76K, committed 128K, reserved 425984K
}
Event: 1.005 GC heap after
{Heap after GC invocations=1 (full 0):
 garbage-first heap   total 262144K, used 3152K [0x0000000080000000, 0x0000000100000000)
  region size 1024K, 2 young (2048K), 2 survivors (2048K)
 Metaspace       used 1001K, committed 1152K, reserved 491520K
  class space    used 76K, committed 128K, reserved 425984K
}
Event: 5.363 GC heap before
{Heap before GC invocations=1 (full 0):
 garbage-first heap   total 262144K, used 22608K [0x0000000080000000, 0x0000000100000000)
  region size 1024K, 18 young (18432K), 2 survivors (2048K)
 Metaspace       used 3905K, committed 4032K, reserved 491520K
  class space    used 489K, committed 576K, reserved 425984K
}
Event: 5.368 GC heap after
{Heap after GC invocations=2 (full 0):
 garbage-first heap   total 262144K, used 10887K [0x0000000080000000, 0x0000000100000000)
  region size 1024K, 3 young (3072K), 3 survivors (3072K)
 Metaspace       used 3905K, committed 4032K, reserved 491520K
  class space    used 489K, committed 576K, reserved 425984K
}
Event: 12.016 GC heap before
{Heap before GC invocations=2 (full 0):
 garbage-first heap   total 262144K, used 33415K [0x0000000080000000, 0x0000000100000000)
  region size 1024K, 25 young (25600K), 3 survivors (3072K)
 Metaspace       used 3989K, committed 4160K, reserved 491520K
  class space    used 490K, committed 576K, reserved 425984K
}
Event: 12.019 GC heap after
{Heap after GC invocations=3 (full 0):
 garbage-first heap   total 262144K, used 11379K [0x0000000080000000, 0x0000000100000000)
  region size 1024K, 1 young (1024K), 1 survivors (1024K)
 Metaspace       used 3989K, committed 4160K, reserved 491520K
  class space    used 490K, committed 576K, reserved 425984K
}
Event: 47.258 GC heap before
{Heap before GC invocations=3 (full 0):
 garbage-first heap   total 262144K, used 129139K [0x0000000080000000, 0x0000000100000000)
  region size 1024K, 117 young (119808K), 1 survivors (1024K)
 Metaspace       used 21229K, committed 21504K, reserved 491520K
  class space    used 3110K, committed 3264K, reserved 425984K
}
Event: 47.275 GC heap after
{Heap after GC invocations=4 (full 0):
 garbage-first heap   total 262144K, used 22761K [0x0000000080000000, 0x0000000100000000)
  region size 1024K, 12 young (12288K), 12 survivors (12288K)
 Metaspace       used 21229K, committed 21504K, reserved 491520K
  class space    used 3110K, committed 3264K, reserved 425984K
}
Event: 53.403 GC heap before
{Heap before GC invocations=5 (full 0):
 garbage-first heap   total 81920K, used 59625K [0x0000000080000000, 0x0000000100000000)
  region size 1024K, 48 young (49152K), 12 survivors (12288K)
 Metaspace       used 26174K, committed 26496K, reserved 491520K
  class space    used 3835K, committed 3968K, reserved 425984K
}
Event: 53.424 GC heap after
{Heap after GC invocations=6 (full 0):
 garbage-first heap   total 81920K, used 25560K [0x0000000080000000, 0x0000000100000000)
  region size 1024K, 3 young (3072K), 3 survivors (3072K)
 Metaspace       used 26174K, committed 26496K, reserved 491520K
  class space    used 3835K, committed 3968K, reserved 425984K
}

Dll operation events (15 events):
Event: 0.206 Loaded shared library C:\Program Files\Microsoft\jdk-17.0.11.9-hotspot\bin\java.dll
Event: 0.234 Loaded shared library C:\Program Files\Microsoft\jdk-17.0.11.9-hotspot\bin\jsvml.dll
Event: 0.331 Loaded shared library C:\Program Files\Microsoft\jdk-17.0.11.9-hotspot\bin\zip.dll
Event: 0.451 Loaded shared library C:\Program Files\Microsoft\jdk-17.0.11.9-hotspot\bin\instrument.dll
Event: 0.485 Loaded shared library C:\Program Files\Microsoft\jdk-17.0.11.9-hotspot\bin\net.dll
Event: 0.487 Loaded shared library C:\Program Files\Microsoft\jdk-17.0.11.9-hotspot\bin\nio.dll
Event: 0.492 Loaded shared library C:\Program Files\Microsoft\jdk-17.0.11.9-hotspot\bin\zip.dll
Event: 0.857 Loaded shared library C:\Program Files\Microsoft\jdk-17.0.11.9-hotspot\bin\jimage.dll
Event: 1.019 Loaded shared library C:\Program Files\Microsoft\jdk-17.0.11.9-hotspot\bin\verify.dll
Event: 1.372 Loaded shared library C:\Users\fcone\.gradle\native\c067742578af261105cb4f569cf0c3c89f3d7b1fecec35dd04571415982c5e48\windows-amd64\native-platform.dll
Event: 2.020 Loaded shared library C:\Users\fcone\.gradle\native\38dada09dfb8b06ba9b0570ebf7e218e3eb74d4ef43ca46872605cf95ebc2f47\windows-amd64\native-platform-file-events.dll
Event: 20.396 Loaded shared library C:\Program Files\Microsoft\jdk-17.0.11.9-hotspot\bin\management.dll
Event: 20.399 Loaded shared library C:\Program Files\Microsoft\jdk-17.0.11.9-hotspot\bin\management_ext.dll
Event: 22.610 Loaded shared library C:\Program Files\Microsoft\jdk-17.0.11.9-hotspot\bin\extnet.dll
Event: 23.981 Loaded shared library C:\Program Files\Microsoft\jdk-17.0.11.9-hotspot\bin\sunmscapi.dll

Deoptimization events (20 events):
Event: 56.818 Thread 0x0000022878393580 Uncommon trap: trap_request=0xffffff54 fr.pc=0x000002284aa4a650 relative=0x0000000000001390
Event: 56.818 Thread 0x0000022878393580 Uncommon trap: reason=speculate_null_assert action=make_not_entrant pc=0x000002284aa4a650 method=jdk.internal.loader.URLClassPath$JarLoader.getResource(Ljava/lang/String;ZLjava/util/Set;)Ljdk/internal/loader/Resource; @ 17 c2
Event: 56.818 Thread 0x0000022878393580 DEOPT PACKING pc=0x000002284aa4a650 sp=0x0000003bdd6f78b0
Event: 56.818 Thread 0x0000022878393580 DEOPT UNPACKING pc=0x000002284a4469a3 sp=0x0000003bdd6f7848 mode 2
Event: 58.387 Thread 0x0000022878393580 Uncommon trap: trap_request=0xffffff45 fr.pc=0x000002284aac86c8 relative=0x0000000000006128
Event: 58.387 Thread 0x0000022878393580 Uncommon trap: reason=unstable_if action=reinterpret pc=0x000002284aac86c8 method=java.lang.ClassLoader.getClassLoadingLock(Ljava/lang/String;)Ljava/lang/Object; @ 6 c2
Event: 58.387 Thread 0x0000022878393580 DEOPT PACKING pc=0x000002284aac86c8 sp=0x0000003bdd6f8a70
Event: 58.387 Thread 0x0000022878393580 DEOPT UNPACKING pc=0x000002284a4469a3 sp=0x0000003bdd6f8aa0 mode 2
Event: 59.013 Thread 0x0000022878393580 Uncommon trap: trap_request=0xffffffc6 fr.pc=0x000002284aafd9d0 relative=0x0000000000004490
Event: 59.013 Thread 0x0000022878393580 Uncommon trap: reason=bimorphic_or_optimized_type_check action=maybe_recompile pc=0x000002284aafd9d0 method=java.net.URL.<init>(Ljava/net/URL;Ljava/lang/String;Ljava/net/URLStreamHandler;)V @ 504 c2
Event: 59.013 Thread 0x0000022878393580 DEOPT PACKING pc=0x000002284aafd9d0 sp=0x0000003bdd6f81f0
Event: 59.013 Thread 0x0000022878393580 DEOPT UNPACKING pc=0x000002284a4469a3 sp=0x0000003bdd6f8190 mode 2
Event: 60.037 Thread 0x0000022878393580 Uncommon trap: trap_request=0xffffff45 fr.pc=0x000002284aa9470c relative=0x00000000000000ec
Event: 60.037 Thread 0x0000022878393580 Uncommon trap: reason=unstable_if action=reinterpret pc=0x000002284aa9470c method=java.lang.ClassLoader.getClassLoadingLock(Ljava/lang/String;)Ljava/lang/Object; @ 6 c2
Event: 60.037 Thread 0x0000022878393580 DEOPT PACKING pc=0x000002284aa9470c sp=0x0000003bdd6f8ad0
Event: 60.038 Thread 0x0000022878393580 DEOPT UNPACKING pc=0x000002284a4469a3 sp=0x0000003bdd6f8a60 mode 2
Event: 60.302 Thread 0x0000022878393580 Uncommon trap: trap_request=0xffffff6e fr.pc=0x000002284ab7f640 relative=0x00000000000004e0
Event: 60.303 Thread 0x0000022878393580 Uncommon trap: reason=loop_limit_check action=maybe_recompile pc=0x000002284ab7f640 method=java.util.regex.Pattern$Start.match(Ljava/util/regex/Matcher;ILjava/lang/CharSequence;)Z @ 34 c2
Event: 60.303 Thread 0x0000022878393580 DEOPT PACKING pc=0x000002284ab7f640 sp=0x0000003bdd6f8840
Event: 60.303 Thread 0x0000022878393580 DEOPT UNPACKING pc=0x000002284a4469a3 sp=0x0000003bdd6f8780 mode 2

Classes unloaded (0 events):
No events

Classes redefined (0 events):
No events

Internal exceptions (20 events):
Event: 53.110 Thread 0x0000022878393580 Exception <a 'java/lang/NoSuchMethodError'{0x0000000082267e50}: 'void java.lang.invoke.DirectMethodHandle$Holder.invokeStaticInit(java.lang.Object, java.lang.Object, java.lang.Object)'> (0x0000000082267e50) 
thrown [s\src\hotspot\share\interpreter\linkResolver.cpp, line 759]
Event: 53.112 Thread 0x0000022878393580 Exception <a 'java/lang/NoSuchMethodError'{0x000000008226f2f0}: 'void java.lang.invoke.DirectMethodHandle$Holder.invokeStaticInit(java.lang.Object, java.lang.Object, java.lang.Object, java.lang.Object)'> (0x000000008226f2f0) 
thrown [s\src\hotspot\share\interpreter\linkResolver.cpp, line 759]
Event: 53.118 Thread 0x0000022878393580 Exception <a 'java/lang/NoSuchMethodError'{0x0000000082293040}: 'void java.lang.invoke.DirectMethodHandle$Holder.invokeStaticInit(java.lang.Object, java.lang.Object, java.lang.Object, java.lang.Object, java.lang.Object)'> (0x0000000082293040) 
thrown [s\src\hotspot\share\interpreter\linkResolver.cpp, line 759]
Event: 53.119 Thread 0x0000022878393580 Exception <a 'java/lang/NoSuchMethodError'{0x000000008229ae08}: 'int java.lang.invoke.DirectMethodHandle$Holder.invokeStaticInit(java.lang.Object, java.lang.Object, java.lang.Object)'> (0x000000008229ae08) 
thrown [s\src\hotspot\share\interpreter\linkResolver.cpp, line 759]
Event: 53.135 Thread 0x0000022878393580 Exception <a 'java/lang/NoSuchMethodError'{0x00000000822f25d0}: 'int java.lang.invoke.DirectMethodHandle$Holder.invokeStaticInit(java.lang.Object, java.lang.Object, java.lang.Object, java.lang.Object)'> (0x00000000822f25d0) 
thrown [s\src\hotspot\share\interpreter\linkResolver.cpp, line 759]
Event: 56.868 Thread 0x0000022878393580 Exception <a 'java/lang/ClassNotFoundException'{0x0000000088492e68}: groovy/lang/ExpandoMetaClassBeanInfo> (0x0000000088492e68) 
thrown [s\src\hotspot\share\classfile\systemDictionary.cpp, line 256]
Event: 56.869 Thread 0x0000022878393580 Exception <a 'java/lang/ClassNotFoundException'{0x00000000884a97e0}: groovy/lang/MetaClassImplBeanInfo> (0x00000000884a97e0) 
thrown [s\src\hotspot\share\classfile\systemDictionary.cpp, line 256]
Event: 56.869 Thread 0x0000022878393580 Exception <a 'java/lang/ClassNotFoundException'{0x00000000884ae858}: java/lang/ObjectBeanInfo> (0x00000000884ae858) 
thrown [s\src\hotspot\share\classfile\systemDictionary.cpp, line 256]
Event: 56.900 Thread 0x0000022878393580 Exception <a 'java/lang/ClassNotFoundException'{0x00000000884b4b08}: java/lang/ObjectCustomizer> (0x00000000884b4b08) 
thrown [s\src\hotspot\share\classfile\systemDictionary.cpp, line 256]
Event: 57.012 Thread 0x0000022878393580 Exception <a 'java/lang/IncompatibleClassChangeError'{0x00000000884c4538}: Found class java.lang.Object, but interface was expected> (0x00000000884c4538) 
thrown [s\src\hotspot\share\interpreter\linkResolver.cpp, line 826]
Event: 57.102 Thread 0x0000022878393580 Exception <a 'java/lang/ClassNotFoundException'{0x00000000884e9ef8}: groovy/lang/MetaClassImplCustomizer> (0x00000000884e9ef8) 
thrown [s\src\hotspot\share\classfile\systemDictionary.cpp, line 256]
Event: 57.139 Thread 0x0000022878393580 Exception <a 'java/lang/ClassNotFoundException'{0x00000000883203b8}: groovy/lang/ExpandoMetaClassCustomizer> (0x00000000883203b8) 
thrown [s\src\hotspot\share\classfile\systemDictionary.cpp, line 256]
Event: 60.964 Thread 0x0000022878393580 Exception <a 'java/lang/ClassNotFoundException'{0x000000008317ed90}: org/gradle/internal/extensibility/DefaultExtraPropertiesExtensionBeanInfo> (0x000000008317ed90) 
thrown [s\src\hotspot\share\classfile\systemDictionary.cpp, line 256]
Event: 60.966 Thread 0x0000022878393580 Exception <a 'java/lang/ClassNotFoundException'{0x00000000831957b8}: groovy/lang/GroovyObjectSupportBeanInfo> (0x00000000831957b8) 
thrown [s\src\hotspot\share\classfile\systemDictionary.cpp, line 256]
Event: 60.967 Thread 0x0000022878393580 Exception <a 'java/lang/ClassNotFoundException'{0x00000000831ac1f8}: groovy/lang/GroovyObjectSupportCustomizer> (0x00000000831ac1f8) 
thrown [s\src\hotspot\share\classfile\systemDictionary.cpp, line 256]
Event: 60.970 Thread 0x0000022878393580 Exception <a 'java/lang/ClassNotFoundException'{0x00000000831c5818}: org/gradle/internal/extensibility/DefaultExtraPropertiesExtensionCustomizer> (0x00000000831c5818) 
thrown [s\src\hotspot\share\classfile\systemDictionary.cpp, line 256]
Event: 61.196 Thread 0x0000022878393580 Exception <a 'sun/nio/fs/WindowsException'{0x00000000830b7c38}> (0x00000000830b7c38) 
thrown [s\src\hotspot\share\prims\jni.cpp, line 516]
Event: 61.198 Thread 0x0000022878393580 Exception <a 'sun/nio/fs/WindowsException'{0x00000000830b9208}> (0x00000000830b9208) 
thrown [s\src\hotspot\share\prims\jni.cpp, line 516]
Event: 61.212 Thread 0x0000022878393580 Exception <a 'sun/nio/fs/WindowsException'{0x00000000830ba790}> (0x00000000830ba790) 
thrown [s\src\hotspot\share\prims\jni.cpp, line 516]
Event: 61.349 Thread 0x0000022878393580 Exception <a 'sun/nio/fs/WindowsException'{0x00000000830bbd28}> (0x00000000830bbd28) 
thrown [s\src\hotspot\share\prims\jni.cpp, line 516]

VM Operations (20 events):
Event: 58.101 Executing VM operation: Cleanup
Event: 58.101 Executing VM operation: Cleanup done
Event: 59.013 Executing VM operation: HandshakeAllThreads
Event: 59.013 Executing VM operation: HandshakeAllThreads done
Event: 59.014 Executing VM operation: HandshakeAllThreads
Event: 59.014 Executing VM operation: HandshakeAllThreads done
Event: 59.221 Executing VM operation: HandshakeAllThreads
Event: 59.222 Executing VM operation: HandshakeAllThreads done
Event: 59.222 Executing VM operation: Cleanup
Event: 59.222 Executing VM operation: Cleanup done
Event: 59.234 Executing VM operation: HandshakeAllThreads
Event: 59.234 Executing VM operation: HandshakeAllThreads done
Event: 60.234 Executing VM operation: Cleanup
Event: 60.234 Executing VM operation: Cleanup done
Event: 60.318 Executing VM operation: HandshakeAllThreads
Event: 60.343 Executing VM operation: HandshakeAllThreads done
Event: 60.499 Executing VM operation: HandshakeAllThreads
Event: 60.499 Executing VM operation: HandshakeAllThreads done
Event: 61.502 Executing VM operation: Cleanup
Event: 61.502 Executing VM operation: Cleanup done

Events (20 events):
Event: 60.547 loading class jdk/internal/jrtfs/JrtDirectoryStream$1
Event: 60.556 loading class jdk/internal/jrtfs/JrtDirectoryStream$1 done
Event: 60.556 loading class java/util/function/BooleanSupplier
Event: 60.557 loading class java/util/function/BooleanSupplier done
Event: 60.557 Thread 0x000002287c137030 Thread exited: 0x000002287c137030
Event: 60.557 loading class jdk/internal/jimage/ImageReader$Resource
Event: 60.558 loading class jdk/internal/jimage/ImageReader$Resource done
Event: 60.577 Thread 0x000002287c137030 Thread added: 0x000002287c137030
Event: 60.783 loading class java/util/WeakHashMap$KeyIterator
Event: 60.842 loading class java/util/WeakHashMap$HashIterator
Event: 60.954 loading class java/util/WeakHashMap$HashIterator done
Event: 60.954 loading class java/util/WeakHashMap$KeyIterator done
Event: 61.013 loading class sun/nio/fs/WindowsPath$1
Event: 61.013 loading class sun/nio/fs/WindowsPath$1 done
Event: 61.196 loading class sun/nio/fs/WindowsException
Event: 61.196 loading class sun/nio/fs/WindowsException done
Event: 61.481 loading class java/io/StringReader
Event: 61.481 loading class java/io/StringReader done
Event: 61.572 loading class java/math/MutableBigInteger
Event: 61.574 loading class java/math/MutableBigInteger done


Dynamic libraries:
0x00007ff65b9c0000 - 0x00007ff65b9ce000 	C:\Program Files\Microsoft\jdk-17.0.11.9-hotspot\bin\java.exe
0x00007ffec3210000 - 0x00007ffec3408000 	C:\WINDOWS\SYSTEM32\ntdll.dll
0x00007ffec16e0000 - 0x00007ffec17a2000 	C:\WINDOWS\System32\KERNEL32.DLL
0x00007ffec0b80000 - 0x00007ffec0e7e000 	C:\WINDOWS\System32\KERNELBASE.dll
0x00007ffec1130000 - 0x00007ffec1230000 	C:\WINDOWS\System32\ucrtbase.dll
0x00007ffeae3c0000 - 0x00007ffeae3db000 	C:\Program Files\Microsoft\jdk-17.0.11.9-hotspot\bin\VCRUNTIME140.dll
0x00007ffeae3e0000 - 0x00007ffeae3f7000 	C:\Program Files\Microsoft\jdk-17.0.11.9-hotspot\bin\jli.dll
0x00007ffec2e40000 - 0x00007ffec2fdd000 	C:\WINDOWS\System32\USER32.dll
0x00007ffe9f800000 - 0x00007ffe9fa9a000 	C:\WINDOWS\WinSxS\amd64_microsoft.windows.common-controls_6595b64144ccf1df_6.0.19041.4355_none_60b8b9eb71f62e16\COMCTL32.dll
0x00007ffec17b0000 - 0x00007ffec184e000 	C:\WINDOWS\System32\msvcrt.dll
0x00007ffec1230000 - 0x00007ffec125b000 	C:\WINDOWS\System32\GDI32.dll
0x00007ffec0b50000 - 0x00007ffec0b72000 	C:\WINDOWS\System32\win32u.dll
0x00007ffec1010000 - 0x00007ffec1127000 	C:\WINDOWS\System32\gdi32full.dll
0x00007ffec08b0000 - 0x00007ffec094d000 	C:\WINDOWS\System32\msvcp_win.dll
0x00007ffec1970000 - 0x00007ffec199f000 	C:\WINDOWS\System32\IMM32.DLL
0x00007ffeb2550000 - 0x00007ffeb255c000 	C:\Program Files\Microsoft\jdk-17.0.11.9-hotspot\bin\vcruntime140_1.dll
0x00007ffe9cd90000 - 0x00007ffe9ce1d000 	C:\Program Files\Microsoft\jdk-17.0.11.9-hotspot\bin\msvcp140.dll
0x00007ffe52cf0000 - 0x00007ffe53956000 	C:\Program Files\Microsoft\jdk-17.0.11.9-hotspot\bin\server\jvm.dll
0x00007ffec2180000 - 0x00007ffec2232000 	C:\WINDOWS\System32\ADVAPI32.dll
0x00007ffec2ce0000 - 0x00007ffec2d80000 	C:\WINDOWS\System32\sechost.dll
0x00007ffec12c0000 - 0x00007ffec13e3000 	C:\WINDOWS\System32\RPCRT4.dll
0x00007ffec09c0000 - 0x00007ffec09e7000 	C:\WINDOWS\System32\bcrypt.dll
0x00007ffeb6c40000 - 0x00007ffeb6c49000 	C:\WINDOWS\SYSTEM32\WSOCK32.dll
0x00007ffec0710000 - 0x00007ffec075b000 	C:\WINDOWS\SYSTEM32\POWRPROF.dll
0x00007ffec2240000 - 0x00007ffec22ab000 	C:\WINDOWS\System32\WS2_32.dll
0x00007ffeaf950000 - 0x00007ffeaf977000 	C:\WINDOWS\SYSTEM32\WINMM.dll
0x00007ffeb56f0000 - 0x00007ffeb56fa000 	C:\WINDOWS\SYSTEM32\VERSION.dll
0x00007ffec06f0000 - 0x00007ffec0702000 	C:\WINDOWS\SYSTEM32\UMPDC.dll
0x00007ffebe6f0000 - 0x00007ffebe702000 	C:\WINDOWS\SYSTEM32\kernel.appcore.dll
0x00007ffea5790000 - 0x00007ffea579a000 	C:\Program Files\Microsoft\jdk-17.0.11.9-hotspot\bin\jimage.dll
0x00007ffebd640000 - 0x00007ffebd824000 	C:\WINDOWS\SYSTEM32\DBGHELP.DLL
0x00007ffeacbd0000 - 0x00007ffeacc04000 	C:\WINDOWS\SYSTEM32\dbgcore.DLL
0x00007ffec0f80000 - 0x00007ffec1002000 	C:\WINDOWS\System32\bcryptPrimitives.dll
0x00007ffea0c00000 - 0x00007ffea0c0e000 	C:\Program Files\Microsoft\jdk-17.0.11.9-hotspot\bin\instrument.dll
0x00007ffea5760000 - 0x00007ffea5785000 	C:\Program Files\Microsoft\jdk-17.0.11.9-hotspot\bin\java.dll
0x00007ffe89370000 - 0x00007ffe89447000 	C:\Program Files\Microsoft\jdk-17.0.11.9-hotspot\bin\jsvml.dll
0x00007ffec22b0000 - 0x00007ffec2a1f000 	C:\WINDOWS\System32\SHELL32.dll
0x00007ffebe8f0000 - 0x00007ffebf094000 	C:\WINDOWS\SYSTEM32\windows.storage.dll
0x00007ffec1e10000 - 0x00007ffec2163000 	C:\WINDOWS\System32\combase.dll
0x00007ffec0210000 - 0x00007ffec023e000 	C:\WINDOWS\SYSTEM32\Wldp.dll
0x00007ffec2fe0000 - 0x00007ffec30ad000 	C:\WINDOWS\System32\OLEAUT32.dll
0x00007ffec1630000 - 0x00007ffec16dd000 	C:\WINDOWS\System32\SHCORE.dll
0x00007ffec1260000 - 0x00007ffec12b5000 	C:\WINDOWS\System32\shlwapi.dll
0x00007ffec07e0000 - 0x00007ffec0804000 	C:\WINDOWS\SYSTEM32\profapi.dll
0x00007ffea3d70000 - 0x00007ffea3d88000 	C:\Program Files\Microsoft\jdk-17.0.11.9-hotspot\bin\zip.dll
0x00007ffea5740000 - 0x00007ffea5759000 	C:\Program Files\Microsoft\jdk-17.0.11.9-hotspot\bin\net.dll
0x00007ffeb4a10000 - 0x00007ffeb4b1d000 	C:\WINDOWS\SYSTEM32\WINHTTP.dll
0x00007ffebff70000 - 0x00007ffebffda000 	C:\WINDOWS\system32\mswsock.dll
0x00007ffea4840000 - 0x00007ffea4856000 	C:\Program Files\Microsoft\jdk-17.0.11.9-hotspot\bin\nio.dll
0x00007ffea5730000 - 0x00007ffea5740000 	C:\Program Files\Microsoft\jdk-17.0.11.9-hotspot\bin\verify.dll
0x00007ffe9f5d0000 - 0x00007ffe9f5f7000 	C:\Users\fcone\.gradle\native\c067742578af261105cb4f569cf0c3c89f3d7b1fecec35dd04571415982c5e48\windows-amd64\native-platform.dll
0x00007ffe887d0000 - 0x00007ffe88914000 	C:\Users\fcone\.gradle\native\38dada09dfb8b06ba9b0570ebf7e218e3eb74d4ef43ca46872605cf95ebc2f47\windows-amd64\native-platform-file-events.dll
0x00007ffea41c0000 - 0x00007ffea41c9000 	C:\Program Files\Microsoft\jdk-17.0.11.9-hotspot\bin\management.dll
0x00007ffea3ce0000 - 0x00007ffea3ceb000 	C:\Program Files\Microsoft\jdk-17.0.11.9-hotspot\bin\management_ext.dll
0x00007ffec1620000 - 0x00007ffec1628000 	C:\WINDOWS\System32\PSAPI.DLL
0x00007ffec0170000 - 0x00007ffec0188000 	C:\WINDOWS\SYSTEM32\CRYPTSP.dll
0x00007ffebf870000 - 0x00007ffebf8a4000 	C:\WINDOWS\system32\rsaenh.dll
0x00007ffec0760000 - 0x00007ffec078e000 	C:\WINDOWS\SYSTEM32\USERENV.dll
0x00007ffec0160000 - 0x00007ffec016c000 	C:\WINDOWS\SYSTEM32\CRYPTBASE.dll
0x00007ffebfc50000 - 0x00007ffebfc8b000 	C:\WINDOWS\SYSTEM32\IPHLPAPI.DLL
0x00007ffec30b0000 - 0x00007ffec30b8000 	C:\WINDOWS\System32\NSI.dll
0x00007ffeb4ef0000 - 0x00007ffeb4f07000 	C:\WINDOWS\SYSTEM32\dhcpcsvc6.DLL
0x00007ffeb4ed0000 - 0x00007ffeb4eed000 	C:\WINDOWS\SYSTEM32\dhcpcsvc.DLL
0x00007ffebfc90000 - 0x00007ffebfd5a000 	C:\WINDOWS\SYSTEM32\DNSAPI.dll
0x00007ffea0c40000 - 0x00007ffea0c49000 	C:\Program Files\Microsoft\jdk-17.0.11.9-hotspot\bin\extnet.dll
0x00007ffea0bf0000 - 0x00007ffea0bfe000 	C:\Program Files\Microsoft\jdk-17.0.11.9-hotspot\bin\sunmscapi.dll
0x00007ffec09f0000 - 0x00007ffec0b4c000 	C:\WINDOWS\System32\CRYPT32.dll
0x00007ffec0280000 - 0x00007ffec02a7000 	C:\WINDOWS\SYSTEM32\ncrypt.dll
0x00007ffec0240000 - 0x00007ffec027b000 	C:\WINDOWS\SYSTEM32\NTASN1.dll
0x00007ffea0be0000 - 0x00007ffea0be7000 	C:\WINDOWS\system32\wshunix.dll

dbghelp: loaded successfully - version: 4.0.5 - missing functions: none
symbol engine: initialized successfully - sym options: 0x614 - pdb path: .;C:\Program Files\Microsoft\jdk-17.0.11.9-hotspot\bin;C:\WINDOWS\SYSTEM32;C:\WINDOWS\WinSxS\amd64_microsoft.windows.common-controls_6595b64144ccf1df_6.0.19041.4355_none_60b8b9eb71f62e16;C:\Program Files\Microsoft\jdk-17.0.11.9-hotspot\bin\server;C:\Users\fcone\.gradle\native\c067742578af261105cb4f569cf0c3c89f3d7b1fecec35dd04571415982c5e48\windows-amd64;C:\Users\fcone\.gradle\native\38dada09dfb8b06ba9b0570ebf7e218e3eb74d4ef43ca46872605cf95ebc2f47\windows-amd64

VM Arguments:
jvm_args: -XX:MaxMetaspaceSize=512m --add-opens=java.base/java.util=ALL-UNNAMED --add-opens=java.base/java.lang=ALL-UNNAMED --add-opens=java.base/java.lang.invoke=ALL-UNNAMED --add-opens=java.prefs/java.util.prefs=ALL-UNNAMED --add-opens=java.base/java.nio.charset=ALL-UNNAMED --add-opens=java.base/java.net=ALL-UNNAMED --add-opens=java.base/java.util.concurrent.atomic=ALL-UNNAMED -Xmx2048m -Dfile.encoding=UTF-8 -Duser.country=BR -Duser.language=pt -Duser.variant -javaagent:C:\Users\fcone\.gradle\wrapper\dists\gradle-8.6-all\3mbtmo166bl6vumsh5k2lkq5h\gradle-8.6\lib\agents\gradle-instrumentation-agent-8.6.jar 
java_command: org.gradle.launcher.daemon.bootstrap.GradleDaemon 8.6
java_class_path (initial): C:\Users\fcone\.gradle\wrapper\dists\gradle-8.6-all\3mbtmo166bl6vumsh5k2lkq5h\gradle-8.6\lib\gradle-launcher-8.6.jar
Launcher Type: SUN_STANDARD

[Global flags]
     intx CICompilerCount                          = 3                                         {product} {ergonomic}
   size_t CompressedClassSpaceSize                 = 436207616                                 {product} {ergonomic}
     uint ConcGCThreads                            = 1                                         {product} {ergonomic}
     uint G1ConcRefinementThreads                  = 4                                         {product} {ergonomic}
   size_t G1HeapRegionSize                         = 1048576                                   {product} {ergonomic}
    uintx GCDrainStackTargetSize                   = 64                                        {product} {ergonomic}
   size_t InitialHeapSize                          = 268435456                                 {product} {ergonomic}
   size_t MarkStackSize                            = 4194304                                   {product} {ergonomic}
   size_t MaxHeapSize                              = 2147483648                                {product} {command line}
   size_t MaxMetaspaceSize                         = 536870912                                 {product} {command line}
   size_t MaxNewSize                               = 1287651328                                {product} {ergonomic}
   size_t MinHeapDeltaBytes                        = 1048576                                   {product} {ergonomic}
   size_t MinHeapSize                              = 8388608                                   {product} {ergonomic}
    uintx NonNMethodCodeHeapSize                   = 5832780                                {pd product} {ergonomic}
    uintx NonProfiledCodeHeapSize                  = 122912730                              {pd product} {ergonomic}
    uintx ProfiledCodeHeapSize                     = 122912730                              {pd product} {ergonomic}
    uintx ReservedCodeCacheSize                    = 251658240                              {pd product} {ergonomic}
     bool SegmentedCodeCache                       = true                                      {product} {ergonomic}
   size_t SoftMaxHeapSize                          = 2147483648                             {manageable} {ergonomic}
     bool UseCompressedClassPointers               = true                           {product lp64_product} {ergonomic}
     bool UseCompressedOops                        = true                           {product lp64_product} {ergonomic}
     bool UseG1GC                                  = true                                      {product} {ergonomic}
     bool UseLargePagesIndividualAllocation        = false                                  {pd product} {ergonomic}

Logging:
Log output configuration:
 #0: stdout all=warning uptime,level,tags
 #1: stderr all=off uptime,level,tags

Environment Variables:
CLASSPATH=C:\Trilha\ReactNative\tasks\android\\gradle\wrapper\gradle-wrapper.jar
PATH=C:\Trilha\ReactNative\tasks\node_modules\.bin;C:\Trilha\ReactNative\node_modules\.bin;C:\Trilha\node_modules\.bin;C:\node_modules\.bin;C:\Users\fcone\AppData\Roaming\npm\node_modules\npm\node_modules\@npmcli\run-script\lib\node-gyp-bin;C:\Python312\Scripts\;C:\Python312\;C:\src\flutter\bin;C:\tools\dart-sdk\bin;C:\Program Files\Microsoft\jdk-17.0.11.9-hotspot\bin;C:\Python311\Scripts\;C:\Python311\;C:\Program Files (x86)\Intel\Intel(R) Management Engine Components\iCLS\;C:\Program Files\Intel\Intel(R) Management Engine Components\iCLS\;C:\WINDOWS\system32;C:\WINDOWS;C:\WINDOWS\System32\Wbem;C:\WINDOWS\System32\WindowsPowerShell\v1.0\;C:\Program Files (x86)\Intel\Intel(R) Management Engine Components\DAL;C:\Program Files\Intel\Intel(R) Management Engine Components\DAL;C:\Program Files (x86)\Intel\Intel(R) Management Engine Components\IPT;C:\Program Files\Intel\Intel(R) Management Engine Components\IPT;C:\WINDOWS\System32\OpenSSH\;C:\ProgramData\chocolatey\bin;C:\Users\fcone\Downloads\platform-tools-latest-windows\platform-tools;C:\Program Files\Git\cmd;C:\Users\fcone\AppData\Local\Android\Sdk;C:\Program Files\nodejs\;C:\Program Files\PostgreSQL\16\bin;;C:\Program Files\Docker\Docker\resources\bin;C:\Users\fcone\AppData\Local\jdk-11.0.2\bin;C:\Users\fcone\AppData\Local\jdk-11.0.2\bin;C:\Program Files\MySQL\MySQL Shell 8.0\bin\;C:\Users\fcone\AppData\Local\Microsoft\WindowsApps;C:\Users\fcone\AppData\Local\JetBrains\PyCharm 2022.3.3\bin;C:\Users\fcone\AppData\Roaming\Pub\Cache\bin;C:\Users\fcone\AppData\Local\Pub\Cache\bin;C:\Users\fcone\AppData\Local\Programs\Microsoft VS Code\bin;C:\Users\fcone\AppData\Roaming\npm
USERNAME=fcone
LANG=en_US.UTF-8
OS=Windows_NT
PROCESSOR_IDENTIFIER=Intel64 Family 6 Model 142 Stepping 9, GenuineIntel
TMP=C:\Users\fcone\AppData\Local\Temp
TEMP=C:\Users\fcone\AppData\Local\Temp



Periodic native trim disabled


---------------  S Y S T E M  ---------------

OS:
 Windows 10 , 64 bit Build 19041 (10.0.19041.4957)
OS uptime: 3 days 19:17 hours
Hyper-V role detected

CPU: total 4 (initial active 4) (2 cores per cpu, 2 threads per core) family 6 model 142 stepping 9 microcode 0xb4, cx8, cmov, fxsr, ht, mmx, 3dnowpref, sse, sse2, sse3, ssse3, sse4.1, sse4.2, popcnt, lzcnt, tsc, tscinvbit, avx, avx2, aes, erms, clmul, bmi1, bmi2, adx, fma, vzeroupper, clflush, clflushopt, hv
Processor Information for all 4 processors :
  Max Mhz: 2304, Current Mhz: 2304, Mhz Limit: 2304

Memory: 4k page, system-wide physical 16298M (3817M free)
TotalPageFile size 21212M (AvailPageFile size 41M)
current process WorkingSet (physical memory assigned to process): 203M, peak: 223M
current process commit charge ("private bytes"): 243M, peak: 404M

vm_info: OpenJDK 64-Bit Server VM (17.0.11+9-LTS) for windows-amd64 JRE (17.0.11+9-LTS), built on Apr  9 2024 22:05:54 by "MicrosoftCorporation" with MS VC++ 16.10 / 16.11 (VS2019)

END.
